<?xml version="1.0" encoding="UTF-8"?>
<testng-results ignored="0" total="2" passed="2" failed="0" skipped="0">
  <reporter-output>
  </reporter-output>
  <suite started-at="2022-09-03T12:47:54 IST" name="Default suite" finished-at="2022-09-03T12:48:08 IST" duration-ms="14444">
    <groups>
    </groups>
    <test started-at="2022-09-03T12:47:54 IST" name="Default test" finished-at="2022-09-03T12:48:08 IST" duration-ms="14444">
      <class name="test.DemoExecution">
        <test-method signature="TestImdb()[pri:0, instance:test.DemoExecution@1e04fa0a]" started-at="2022-09-03T12:47:54 IST" name="TestImdb" finished-at="2022-09-03T12:48:04 IST" duration-ms="9912" status="PASS">
          <reporter-output>
          </reporter-output>
        </test-method> <!-- TestImdb -->
        <test-method signature="TestWiki()[pri:0, instance:test.DemoExecution@1e04fa0a]" started-at="2022-09-03T12:48:04 IST" name="TestWiki" finished-at="2022-09-03T12:48:08 IST" duration-ms="4450" status="PASS">
          <reporter-output>
          </reporter-output>
        </test-method> <!-- TestWiki -->
      </class> <!-- test.DemoExecution -->
    </test> <!-- Default test -->
  </suite> <!-- Default suite -->
</testng-results>
